<?xml version="1.0" encoding="UTF-8"?>
<TestRun id="ea07d826-bc0b-453b-a09d-734ab386d61e" name="cmedford@APOLLO 2008-11-18 20:00:08" runUser="CINGULARITI\cmedford" xmlns="http://microsoft.com/schemas/VisualStudio/TeamTest/2006">
  <TestRunConfiguration name="Local Test Run" id="525a89eb-661c-46ca-8f01-8d2aaac3a474">
    <Description>This is a default test run configuration for a local test run.</Description>
    <Deployment runDeploymentRoot="C:\Users\cmedford\Documents\Visual Studio 2008\Projects\Blockbuster\TestResults\cmedford_APOLLO 2008-11-18 20_00_08" />
    <TestTypeSpecific />
  </TestRunConfiguration>
  <ResultSummary outcome="Completed">
    <Counters total="1" executed="1" passed="1" error="0" failed="0" timeout="0" aborted="0" inconclusive="0" passedButRunAborted="0" notRunnable="0" notExecuted="0" disconnected="0" warning="0" completed="0" inProgress="0" pending="0" />
  </ResultSummary>
  <Times creation="2008-11-18T20:00:08.3239517-06:00" queuing="2008-11-18T20:00:09.2839517-06:00" start="2008-11-18T20:00:09.4379517-06:00" finish="2008-11-18T20:00:44.7509517-06:00" />
  <TestDefinitions>
    <UnitTest name="TestBasicOperation" storage="c:\users\cmedford\documents\visual studio 2008\projects\blockbuster\externaltesting\bin\debug\externaltesting.dll" id="2e125ced-eec6-5c25-cd95-87bc6e45c46c">
      <Css projectStructure="" iteration="" />
      <Owners>
        <Owner name="" />
      </Owners>
      <Execution id="417218bd-2c78-4f8c-b15a-4639172f65d5" />
      <TestMethod codeBase="C:\Users\cmedford\Documents\Visual Studio 2008\Projects\Blockbuster\ExternalTesting\bin\Debug\ExternalTesting.dll" adapterTypeName="Microsoft.VisualStudio.TestTools.TestTypes.Unit.UnitTestAdapter, Microsoft.VisualStudio.QualityTools.Tips.UnitTest.Adapter, Version=9.0.0.0, Culture=neutral, PublicKeyToken=b03f5f7f11d50a3a" className="Cingulariti.Blockbuster.ExternalTesting.WebServiceTest, ExternalTesting" name="TestBasicOperation" />
    </UnitTest>
  </TestDefinitions>
  <TestLists>
    <TestList name="Results Not in a List" id="8c84fa94-04c1-424b-9868-57a2d4851a1d" />
    <TestList name="All Loaded Results" id="19431567-8539-422a-85d7-44ee4e166bda" />
  </TestLists>
  <TestEntries>
    <TestEntry testId="2e125ced-eec6-5c25-cd95-87bc6e45c46c" executionId="417218bd-2c78-4f8c-b15a-4639172f65d5" testListId="8c84fa94-04c1-424b-9868-57a2d4851a1d" />
  </TestEntries>
  <Results>
    <UnitTestResult executionId="417218bd-2c78-4f8c-b15a-4639172f65d5" testId="2e125ced-eec6-5c25-cd95-87bc6e45c46c" testName="TestBasicOperation" computerName="APOLLO" duration="00:00:34.6135920" startTime="2008-11-18T20:00:09.5629517-06:00" endTime="2008-11-18T20:00:44.6659517-06:00" testType="13cdc9d9-ddb5-4fa4-a97d-d965ccfc6d4b" outcome="Passed" testListId="8c84fa94-04c1-424b-9868-57a2d4851a1d">
      <Output>
      </Output>
    </UnitTestResult>
  </Results>
</TestRun>