<?xml version="1.0" encoding="UTF-8"?>
<TestRun id="60786042-e143-4d5e-b5db-8a2a00efdb5b" name="cmedford@APOLLO 2008-11-17 21:22:38" runUser="CINGULARITI\cmedford" xmlns="http://microsoft.com/schemas/VisualStudio/TeamTest/2006">
  <TestRunConfiguration name="Local Test Run" id="525a89eb-661c-46ca-8f01-8d2aaac3a474">
    <Description>This is a default test run configuration for a local test run.</Description>
    <Deployment runDeploymentRoot="C:\Users\cmedford\Documents\Visual Studio 2008\Projects\Blockbuster\TestResults\cmedford_APOLLO 2008-11-17 21_22_38" />
    <TestTypeSpecific />
  </TestRunConfiguration>
  <ResultSummary outcome="Completed">
    <Counters total="1" executed="1" passed="1" error="0" failed="0" timeout="0" aborted="0" inconclusive="0" passedButRunAborted="0" notRunnable="0" notExecuted="0" disconnected="0" warning="0" completed="0" inProgress="0" pending="0" />
  </ResultSummary>
  <Times creation="2008-11-17T21:22:38.6755803-06:00" queuing="2008-11-17T21:22:39.5985803-06:00" start="2008-11-17T21:22:39.7595803-06:00" finish="2008-11-17T21:24:45.8745994-06:00" />
  <TestDefinitions>
    <UnitTest name="TestBasicOperation" storage="c:\users\cmedford\documents\visual studio 2008\projects\blockbuster\externaltesting\bin\debug\externaltesting.dll" id="2e125ced-eec6-5c25-cd95-87bc6e45c46c">
      <Css projectStructure="" iteration="" />
      <Owners>
        <Owner name="" />
      </Owners>
      <Execution id="45c50b7f-a211-4da0-ae1e-53fa83178627" />
      <TestMethod codeBase="C:\Users\cmedford\Documents\Visual Studio 2008\Projects\Blockbuster\ExternalTesting\bin\Debug\ExternalTesting.dll" adapterTypeName="Microsoft.VisualStudio.TestTools.TestTypes.Unit.UnitTestAdapter, Microsoft.VisualStudio.QualityTools.Tips.UnitTest.Adapter, Version=9.0.0.0, Culture=neutral, PublicKeyToken=b03f5f7f11d50a3a" className="Cingulariti.Blockbuster.ExternalTesting.WebServiceTest, ExternalTesting" name="TestBasicOperation" />
    </UnitTest>
  </TestDefinitions>
  <TestLists>
    <TestList name="Results Not in a List" id="8c84fa94-04c1-424b-9868-57a2d4851a1d" />
    <TestList name="All Loaded Results" id="19431567-8539-422a-85d7-44ee4e166bda" />
  </TestLists>
  <TestEntries>
    <TestEntry testId="2e125ced-eec6-5c25-cd95-87bc6e45c46c" executionId="45c50b7f-a211-4da0-ae1e-53fa83178627" testListId="8c84fa94-04c1-424b-9868-57a2d4851a1d" />
  </TestEntries>
  <Results>
    <UnitTestResult executionId="45c50b7f-a211-4da0-ae1e-53fa83178627" testId="2e125ced-eec6-5c25-cd95-87bc6e45c46c" testName="TestBasicOperation" computerName="APOLLO" duration="00:02:05.4218737" startTime="2008-11-17T21:22:39.8775803-06:00" endTime="2008-11-17T21:24:45.7855905-06:00" testType="13cdc9d9-ddb5-4fa4-a97d-d965ccfc6d4b" outcome="Passed" testListId="8c84fa94-04c1-424b-9868-57a2d4851a1d">
      <Output>
      </Output>
    </UnitTestResult>
  </Results>
</TestRun>